{"C:\\Project\\todoList\\todo.js": {"path":"C:\\Project\\todoList\\todo.js","statementMap":{"0":{"start":{"line":1,"column":11},"end":{"line":1,"column":24}},"1":{"start":{"line":2,"column":13},"end":{"line":2,"column":28}},"2":{"start":{"line":4,"column":13},"end":{"line":4,"column":47}},"3":{"start":{"line":7,"column":4},"end":{"line":7,"column":40}},"4":{"start":{"line":7,"column":30},"end":{"line":7,"column":40}},"5":{"start":{"line":8,"column":4},"end":{"line":8,"column":53}},"6":{"start":{"line":12,"column":4},"end":{"line":12,"column":59}},"7":{"start":{"line":16,"column":18},"end":{"line":16,"column":29}},"8":{"start":{"line":17,"column":4},"end":{"line":17,"column":44}},"9":{"start":{"line":18,"column":4},"end":{"line":18,"column":21}},"10":{"start":{"line":19,"column":4},"end":{"line":19,"column":17}},"11":{"start":{"line":23,"column":4},"end":{"line":23,"column":23}},"12":{"start":{"line":27,"column":18},"end":{"line":27,"column":29}},"13":{"start":{"line":28,"column":4},"end":{"line":28,"column":73}},"14":{"start":{"line":28,"column":40},"end":{"line":28,"column":73}},"15":{"start":{"line":29,"column":4},"end":{"line":29,"column":27}},"16":{"start":{"line":30,"column":4},"end":{"line":30,"column":21}},"17":{"start":{"line":31,"column":4},"end":{"line":31,"column":17}},"18":{"start":{"line":35,"column":18},"end":{"line":35,"column":29}},"19":{"start":{"line":36,"column":4},"end":{"line":36,"column":73}},"20":{"start":{"line":36,"column":40},"end":{"line":36,"column":73}},"21":{"start":{"line":37,"column":4},"end":{"line":37,"column":28}},"22":{"start":{"line":38,"column":4},"end":{"line":38,"column":21}},"23":{"start":{"line":39,"column":4},"end":{"line":39,"column":17}},"24":{"start":{"line":43,"column":18},"end":{"line":43,"column":29}},"25":{"start":{"line":44,"column":4},"end":{"line":44,"column":73}},"26":{"start":{"line":44,"column":40},"end":{"line":44,"column":73}},"27":{"start":{"line":45,"column":4},"end":{"line":45,"column":27}},"28":{"start":{"line":46,"column":4},"end":{"line":46,"column":21}},"29":{"start":{"line":47,"column":4},"end":{"line":47,"column":17}},"30":{"start":{"line":51,"column":18},"end":{"line":51,"column":29}},"31":{"start":{"line":52,"column":4},"end":{"line":52,"column":119}},"32":{"start":{"line":52,"column":86},"end":{"line":52,"column":119}},"33":{"start":{"line":53,"column":20},"end":{"line":53,"column":44}},"34":{"start":{"line":54,"column":4},"end":{"line":54,"column":34}},"35":{"start":{"line":55,"column":4},"end":{"line":55,"column":21}},"36":{"start":{"line":56,"column":4},"end":{"line":56,"column":17}},"37":{"start":{"line":60,"column":4},"end":{"line":60,"column":18}},"38":{"start":{"line":61,"column":4},"end":{"line":61,"column":14}},"39":{"start":{"line":64,"column":0},"end":{"line":74,"column":2}}},"fnMap":{"0":{"name":"loadTodos","decl":{"start":{"line":6,"column":9},"end":{"line":6,"column":18}},"loc":{"start":{"line":6,"column":21},"end":{"line":9,"column":1}},"line":6},"1":{"name":"saveTodos","decl":{"start":{"line":11,"column":9},"end":{"line":11,"column":18}},"loc":{"start":{"line":11,"column":26},"end":{"line":13,"column":1}},"line":11},"2":{"name":"addTask","decl":{"start":{"line":15,"column":9},"end":{"line":15,"column":16}},"loc":{"start":{"line":15,"column":23},"end":{"line":20,"column":1}},"line":15},"3":{"name":"listTasks","decl":{"start":{"line":22,"column":9},"end":{"line":22,"column":18}},"loc":{"start":{"line":22,"column":21},"end":{"line":24,"column":1}},"line":22},"4":{"name":"markDone","decl":{"start":{"line":26,"column":9},"end":{"line":26,"column":17}},"loc":{"start":{"line":26,"column":23},"end":{"line":32,"column":1}},"line":26},"5":{"name":"markUndone","decl":{"start":{"line":34,"column":9},"end":{"line":34,"column":19}},"loc":{"start":{"line":34,"column":25},"end":{"line":40,"column":1}},"line":34},"6":{"name":"editTask","decl":{"start":{"line":42,"column":9},"end":{"line":42,"column":17}},"loc":{"start":{"line":42,"column":29},"end":{"line":48,"column":1}},"line":42},"7":{"name":"moveTask","decl":{"start":{"line":50,"column":9},"end":{"line":50,"column":17}},"loc":{"start":{"line":50,"column":34},"end":{"line":57,"column":1}},"line":50},"8":{"name":"clearTasks","decl":{"start":{"line":59,"column":9},"end":{"line":59,"column":19}},"loc":{"start":{"line":59,"column":22},"end":{"line":62,"column":1}},"line":59}},"branchMap":{"0":{"loc":{"start":{"line":7,"column":4},"end":{"line":7,"column":40}},"type":"if","locations":[{"start":{"line":7,"column":4},"end":{"line":7,"column":40}},{"start":{},"end":{}}],"line":7},"1":{"loc":{"start":{"line":28,"column":4},"end":{"line":28,"column":73}},"type":"if","locations":[{"start":{"line":28,"column":4},"end":{"line":28,"column":73}},{"start":{},"end":{}}],"line":28},"2":{"loc":{"start":{"line":28,"column":8},"end":{"line":28,"column":38}},"type":"binary-expr","locations":[{"start":{"line":28,"column":8},"end":{"line":28,"column":15}},{"start":{"line":28,"column":19},"end":{"line":28,"column":38}}],"line":28},"3":{"loc":{"start":{"line":36,"column":4},"end":{"line":36,"column":73}},"type":"if","locations":[{"start":{"line":36,"column":4},"end":{"line":36,"column":73}},{"start":{},"end":{}}],"line":36},"4":{"loc":{"start":{"line":36,"column":8},"end":{"line":36,"column":38}},"type":"binary-expr","locations":[{"start":{"line":36,"column":8},"end":{"line":36,"column":15}},{"start":{"line":36,"column":19},"end":{"line":36,"column":38}}],"line":36},"5":{"loc":{"start":{"line":44,"column":4},"end":{"line":44,"column":73}},"type":"if","locations":[{"start":{"line":44,"column":4},"end":{"line":44,"column":73}},{"start":{},"end":{}}],"line":44},"6":{"loc":{"start":{"line":44,"column":8},"end":{"line":44,"column":38}},"type":"binary-expr","locations":[{"start":{"line":44,"column":8},"end":{"line":44,"column":15}},{"start":{"line":44,"column":19},"end":{"line":44,"column":38}}],"line":44},"7":{"loc":{"start":{"line":52,"column":4},"end":{"line":52,"column":119}},"type":"if","locations":[{"start":{"line":52,"column":4},"end":{"line":52,"column":119}},{"start":{},"end":{}}],"line":52},"8":{"loc":{"start":{"line":52,"column":8},"end":{"line":52,"column":84}},"type":"binary-expr","locations":[{"start":{"line":52,"column":8},"end":{"line":52,"column":19}},{"start":{"line":52,"column":23},"end":{"line":52,"column":46}},{"start":{"line":52,"column":50},"end":{"line":52,"column":59}},{"start":{"line":52,"column":63},"end":{"line":52,"column":84}}],"line":52}},"s":{"0":1,"1":1,"2":1,"3":34,"4":1,"5":33,"6":21,"7":12,"8":12,"9":12,"10":12,"11":10,"12":3,"13":3,"14":1,"15":2,"16":2,"17":2,"18":2,"19":2,"20":1,"21":1,"22":1,"23":1,"24":3,"25":3,"26":1,"27":2,"28":2,"29":2,"30":3,"31":3,"32":1,"33":2,"34":2,"35":2,"36":2,"37":1,"38":1,"39":1},"f":{"0":34,"1":21,"2":12,"3":10,"4":3,"5":2,"6":3,"7":3,"8":1},"b":{"0":[1,33],"1":[1,2],"2":[3,3],"3":[1,1],"4":[2,2],"5":[1,2],"6":[3,3],"7":[1,2],"8":[3,3,2,2]},"_coverageSchema":"1a1c01bbd47fc00a2c39e90264f33305004495a9","hash":"891116454abc10004d8e149f93b2a5fbc31a30d9"}
}
