TN:
SF:src\todo.js
FN:6,loadTodos
FN:11,saveTodos
FN:15,addTask
FN:22,listTasks
FN:26,markDone
FN:34,markUndone
FN:42,editTask
FN:50,moveTask
FN:59,clearTasks
FNF:9
FNH:9
FNDA:76,loadTodos
FNDA:48,saveTodos
FNDA:21,addTask
FNDA:36,listTasks
FNDA:5,markDone
FNDA:4,markUndone
FNDA:4,editTask
FNDA:5,moveTask
FNDA:2,clearTasks
DA:1,1
DA:2,1
DA:4,1
DA:7,76
DA:8,75
DA:12,48
DA:16,21
DA:17,21
DA:18,21
DA:19,21
DA:23,36
DA:27,5
DA:28,5
DA:29,4
DA:30,4
DA:31,4
DA:35,4
DA:36,4
DA:37,3
DA:38,3
DA:39,3
DA:43,4
DA:44,4
DA:45,3
DA:46,3
DA:47,3
DA:51,5
DA:52,5
DA:53,4
DA:54,4
DA:55,4
DA:56,4
DA:60,2
DA:61,2
DA:64,1
LF:35
LH:35
BRDA:7,0,0,1
BRDA:7,0,1,75
BRDA:28,1,0,1
BRDA:28,1,1,4
BRDA:28,2,0,5
BRDA:28,2,1,5
BRDA:36,3,0,1
BRDA:36,3,1,3
BRDA:36,4,0,4
BRDA:36,4,1,4
BRDA:44,5,0,1
BRDA:44,5,1,3
BRDA:44,6,0,4
BRDA:44,6,1,4
BRDA:52,7,0,1
BRDA:52,7,1,4
BRDA:52,8,0,5
BRDA:52,8,1,5
BRDA:52,8,2,4
BRDA:52,8,3,4
BRF:20
BRH:20
end_of_record
