TN:
SF:todo.js
FN:6,loadTodos
FN:11,saveTodos
FN:15,addTask
FN:22,listTasks
FN:26,markDone
FN:34,markUndone
FN:42,editTask
FN:50,moveTask
FN:59,clearTasks
FNF:9
FNH:9
FNDA:34,loadTodos
FNDA:21,saveTodos
FNDA:12,addTask
FNDA:10,listTasks
FNDA:3,markDone
FNDA:2,markUndone
FNDA:3,editTask
FNDA:3,moveTask
FNDA:1,clearTasks
DA:1,1
DA:2,1
DA:4,1
DA:7,34
DA:8,33
DA:12,21
DA:16,12
DA:17,12
DA:18,12
DA:19,12
DA:23,10
DA:27,3
DA:28,3
DA:29,2
DA:30,2
DA:31,2
DA:35,2
DA:36,2
DA:37,1
DA:38,1
DA:39,1
DA:43,3
DA:44,3
DA:45,2
DA:46,2
DA:47,2
DA:51,3
DA:52,3
DA:53,2
DA:54,2
DA:55,2
DA:56,2
DA:60,1
DA:61,1
DA:64,1
LF:35
LH:35
BRDA:7,0,0,1
BRDA:7,0,1,33
BRDA:28,1,0,1
BRDA:28,1,1,2
BRDA:28,2,0,3
BRDA:28,2,1,3
BRDA:36,3,0,1
BRDA:36,3,1,1
BRDA:36,4,0,2
BRDA:36,4,1,2
BRDA:44,5,0,1
BRDA:44,5,1,2
BRDA:44,6,0,3
BRDA:44,6,1,3
BRDA:52,7,0,1
BRDA:52,7,1,2
BRDA:52,8,0,3
BRDA:52,8,1,3
BRDA:52,8,2,2
BRDA:52,8,3,2
BRF:20
BRH:20
end_of_record
